<?xml version="1.0" encoding="UTF-8"?>
<testng-results ignored="0" total="1" passed="0" failed="1" skipped="0">
  <reporter-output>
  </reporter-output>
  <suite started-at="2024-04-27T17:18:50 IST" name="Default suite" finished-at="2024-04-27T17:19:42 IST" duration-ms="52271">
    <groups>
      <group name="cucumber">
        <method signature="AbstractTestNGCucumberTests.runScenario(io.cucumber.testng.PickleWrapper,io.cucumber.testng.FeatureWrapper)[pri:0, instance:testRunner.testRunnertestNG@4961f6af]" name="runScenario" class="io.cucumber.testng.AbstractTestNGCucumberTests"/>
      </group> <!-- cucumber -->
    </groups>
    <test started-at="2024-04-27T17:18:50 IST" name="Default test" finished-at="2024-04-27T17:19:42 IST" duration-ms="52271">
      <class name="testRunner.testRunnertestNG">
        <test-method is-config="true" signature="setUpClass(org.testng.ITestContext)[pri:0, instance:testRunner.testRunnertestNG@4961f6af]" started-at="2024-04-27T17:18:50 IST" name="setUpClass" finished-at="2024-04-27T17:18:52 IST" duration-ms="2032" status="PASS">
          <params>
            <param index="0">
              <value>
                <![CDATA[org.testng.TestRunner@1da745a2]]>
              </value>
            </param>
          </params>
          <reporter-output>
          </reporter-output>
        </test-method> <!-- setUpClass -->
        <test-method signature="runScenario(io.cucumber.testng.PickleWrapper,io.cucumber.testng.FeatureWrapper)[pri:0, instance:testRunner.testRunnertestNG@4961f6af]" started-at="2024-04-27T17:18:52 IST" name="runScenario" description="Runs Cucumber Scenarios" data-provider="scenarios" finished-at="2024-04-27T17:19:41 IST" duration-ms="49300" status="FAIL">
          <params>
            <param index="0">
              <value>
                <![CDATA["successful searching of a product"]]>
              </value>
            </param>
            <param index="1">
              <value>
                <![CDATA["searching a product"]]>
              </value>
            </param>
          </params>
          <exception class="java.lang.IllegalArgumentException">
            <message>
              <![CDATA[Input must be set]]>
            </message>
            <full-stacktrace>
              <![CDATA[java.lang.IllegalArgumentException: Input must be set
at org.openqa.selenium.internal.Require.nonNull(Require.java:60)
at org.openqa.selenium.support.ui.FluentWait.<init>(FluentWait.java:93)
at org.openqa.selenium.support.ui.WebDriverWait.<init>(WebDriverWait.java:74)
at org.openqa.selenium.support.ui.WebDriverWait.<init>(WebDriverWait.java:43)
at pageObject.mycartPage.<init>(mycartPage.java:13)
at pageObject.pageObjectManager.loadingmycartpage(pageObjectManager.java:29)
at stepDefinitions.mycartsteps.user_check_mycart_to_check_if_the_selected_product_is_succefully_added_to_cart(mycartsteps.java:21)
at ✽.user check mycart to check if the selected product is succefully added to cart(file:///C:/Users/2303442/eclipse-workspace/amazon/src/test/java/features/amazon.feature:8)
]]>
            </full-stacktrace>
          </exception> <!-- java.lang.IllegalArgumentException -->
          <reporter-output>
          </reporter-output>
        </test-method> <!-- runScenario -->
        <test-method is-config="true" signature="tearDownClass()[pri:0, instance:testRunner.testRunnertestNG@4961f6af]" started-at="2024-04-27T17:19:41 IST" name="tearDownClass" finished-at="2024-04-27T17:19:42 IST" duration-ms="827" status="PASS">
          <reporter-output>
          </reporter-output>
        </test-method> <!-- tearDownClass -->
      </class> <!-- testRunner.testRunnertestNG -->
    </test> <!-- Default test -->
  </suite> <!-- Default suite -->
</testng-results>
