<?xml version="1.0" encoding="UTF-8"?>
<!-- Generated by org.testng.reporters.JUnitReportReporter -->
<testsuite hostname="LTIN192410" failures="0" tests="1" name="testRunner.testRunnertestNG" time="49.300" errors="1" timestamp="2024-04-27T17:19:42 IST" skipped="0">
  <testcase classname="testRunner.testRunnertestNG" name="runScenario" time="49.300">
    <error message="Input must be set" type="java.lang.IllegalArgumentException">
      <![CDATA[java.lang.IllegalArgumentException: Input must be set
at org.openqa.selenium.internal.Require.nonNull(Require.java:60)
at org.openqa.selenium.support.ui.FluentWait.<init>(FluentWait.java:93)
at org.openqa.selenium.support.ui.WebDriverWait.<init>(WebDriverWait.java:74)
at org.openqa.selenium.support.ui.WebDriverWait.<init>(WebDriverWait.java:43)
at pageObject.mycartPage.<init>(mycartPage.java:13)
at pageObject.pageObjectManager.loadingmycartpage(pageObjectManager.java:29)
at stepDefinitions.mycartsteps.user_check_mycart_to_check_if_the_selected_product_is_succefully_added_to_cart(mycartsteps.java:21)
at ✽.user check mycart to check if the selected product is succefully added to cart(file:///C:/Users/2303442/eclipse-workspace/amazon/src/test/java/features/amazon.feature:8)
]]>
    </error>
  </testcase> <!-- runScenario -->
</testsuite> <!-- testRunner.testRunnertestNG -->
